<?xml version="1.0" encoding="UTF-8"?>
<!-- Generated by org.testng.reporters.JUnitReportReporter -->
<testsuite hostname="DESKTOP-K4T5NVD" failures="0" tests="1" name="com.ecommerce.NewTest" time="8.906" errors="0" timestamp="2023-07-31T17:23:03 IST" skipped="0">
  <testcase classname="com.ecommerce.NewTest" name="test1" time="8.906">
    <system-out>
      <![CDATA[Flipkart url matched!!
Flipkart title matched!!
Navigated to Flipkart!!]]>
    </system-out>
  </testcase> <!-- test1 -->
  <system-out>
    <![CDATA[Flipkart url matched!!
Flipkart title matched!!
Navigated to Flipkart!!]]>
  </system-out>
</testsuite> <!-- com.ecommerce.NewTest -->
