<?xml version="1.0" encoding="UTF-8"?>
<!-- Generated by org.testng.reporters.JUnitReportReporter -->
<testsuite hostname="DESKTOP-K4T5NVD" failures="0" tests="1" name="com.ecommerce.ContentRefresh" time="13.295" errors="0" timestamp="2023-07-31T17:56:04 IST" skipped="0">
  <testcase classname="com.ecommerce.ContentRefresh" name="test1" time="13.295">
    <system-out>
      <![CDATA[Total Content Load Time while Scrolling: 288 milliseconds]]>
    </system-out>
  </testcase> <!-- test1 -->
  <system-out>
    <![CDATA[Product searched successfully
Page loaded within the time limit
Total Content Load Time while Scrolling: 288 milliseconds
Scrollbar is present.
Image is not present before scrolling
Image is present after scrolling]]>
  </system-out>
</testsuite> <!-- com.ecommerce.ContentRefresh -->
