<?xml version="1.0" encoding="UTF-8"?>
<!-- Generated by org.testng.reporters.JUnitReportReporter -->
<testsuite skipped="0" hostname="ip-172-31-18-198" name="com.testannotations.TestAnnotations" tests="2" failures="0" timestamp="2022-03-07T11:52:47 UTC" time="0.012" errors="0">
  <testcase name="Test1" time="0.005" classname="com.testannotations.TestAnnotations"/>
  <system-out/>
  <testcase name="Test2" time="0.007" classname="com.testannotations.TestAnnotations"/>
  <system-out/>
</testsuite> <!-- com.testannotations.TestAnnotations -->
